Using pre-set license
Built from '2020.3/staging' branch; Version is '2020.3.9f1 (108be757e447) revision 1084391'; Using compiler version '192528614'; Build Type 'Release'
OS: 'Windows 10 Home; OS build 19042.985; Version 2009; 64bit' Language: 'en' Physical Memory: 8111 MB
BatchMode: 1, IsHumanControllingUs: 0, StartBugReporterOnCrash: 0, Is64bit: 1, IsPro: 0

 COMMAND LINE ARGUMENTS:
D:\Unity\2020.3.9f1\Editor\Unity.exe
-adb2
-batchMode
-noUpm
-name
AssetImportWorker7
-projectPath
D:/Project-Colors/Sad Colors
-logFile
Logs/AssetImportWorker7.log
-srvPort
57745
Successfully changed project path to: D:/Project-Colors/Sad Colors
D:/Project-Colors/Sad Colors
Using Asset Import Pipeline V2.
Refreshing native plugins compatible for Editor in 43.64 ms, found 0 plugins.
Preloading 0 native plugins for Editor in 0.00 ms.
Initialize engine version: 2020.3.9f1 (108be757e447)
[Subsystems] Discovering subsystems at path D:/Unity/2020.3.9f1/Editor/Data/Resources/UnitySubsystems
[Subsystems] Discovering subsystems at path D:/Project-Colors/Sad Colors/Assets
GfxDevice: creating device client; threaded=0
Direct3D:
    Version:  Direct3D 11.0 [level 11.1]
    Renderer: NVIDIA GeForce GTX 1050 (ID=0x1c8d)
    Vendor:   
    VRAM:     4021 MB
    Driver:   27.21.14.6140
Initialize mono
Mono path[0] = 'D:/Unity/2020.3.9f1/Editor/Data/Managed'
Mono path[1] = 'D:/Unity/2020.3.9f1/Editor/Data/MonoBleedingEdge/lib/mono/unityjit'
Mono config path = 'D:/Unity/2020.3.9f1/Editor/Data/MonoBleedingEdge/etc'
Using monoOptions --debugger-agent=transport=dt_socket,embedding=1,server=y,suspend=n,address=127.0.0.1:56504
Begin MonoManager ReloadAssembly
Registering precompiled unity dll's ...
Register platform support module: D:/Unity/2020.3.9f1/Editor/Data/PlaybackEngines/WebGLSupport/UnityEditor.WebGL.Extensions.dll
Register platform support module: D:/Unity/2020.3.9f1/Editor/Data/PlaybackEngines/WindowsStandaloneSupport/UnityEditor.WindowsStandalone.Extensions.dll
Registered in 0.001567 seconds.
Native extension for WindowsStandalone target not found
Native extension for WebGL target not found
Refreshing native plugins compatible for Editor in 51.15 ms, found 0 plugins.
Preloading 0 native plugins for Editor in 0.00 ms.
Mono: successfully reloaded assembly
- Completed reload, in  1.365 seconds
Platform modules already initialized, skipping
Registering precompiled user dll's ...
Registered in 0.001013 seconds.
Begin MonoManager ReloadAssembly
Native extension for WindowsStandalone target not found
Native extension for WebGL target not found
Refreshing native plugins compatible for Editor in 0.51 ms, found 0 plugins.
Preloading 0 native plugins for Editor in 0.00 ms.
Mono: successfully reloaded assembly
- Completed reload, in  3.724 seconds
Platform modules already initialized, skipping
========================================================================
Worker process is ready to serve import requests
Launched and connected shader compiler UnityShaderCompiler.exe after 0.58 seconds
Refreshing native plugins compatible for Editor in 0.92 ms, found 0 plugins.
Preloading 0 native plugins for Editor in 0.00 ms.
Unloading 1784 Unused Serialized files (Serialized files now loaded: 0)
System memory in use before: 89.0 MB.
System memory in use after: 89.0 MB.

Unloading 10 unused Assets to reduce memory usage. Loaded Objects now: 2234.
Total: 5.794500 ms (FindLiveObjects: 0.271600 ms CreateObjectMapping: 0.295300 ms MarkObjects: 5.084300 ms  DeleteObjects: 0.139900 ms)

========================================================================
Received Import Request.
  path: Assets/Prefabs/GlobalLight.asset
  artifactKey: Guid(3293b395282f20d498dba99977f72f65) Importer(815301076,1909f56bfc062723c751e8b465ee728b)
Start importing Assets/Prefabs/GlobalLight.asset using Guid(3293b395282f20d498dba99977f72f65) Importer(815301076,1909f56bfc062723c751e8b465ee728b)  -> (artifact id: '5adbb3e4a41b821b1c0d9fc1a21027f8') in 0.154976 seconds
  Import took 0.158778 seconds .

========================================================================
Received Import Request.
  Time since last request: 0.000301 seconds.
  path: Assets/Scenes/idk.unity
  artifactKey: Guid(6cf25160e8a009e499df5bda0e2ff225) Importer(815301076,1909f56bfc062723c751e8b465ee728b)
Start importing Assets/Scenes/idk.unity using Guid(6cf25160e8a009e499df5bda0e2ff225) Importer(815301076,1909f56bfc062723c751e8b465ee728b)  -> (artifact id: '3e467f6d4c2a32ad91d01169170d11f9') in 0.012757 seconds
  Import took 0.016837 seconds .

========================================================================
Received Import Request.
  Time since last request: 0.000397 seconds.
  path: Assets/Prefabs/Post-process Volume.prefab
  artifactKey: Guid(2d52d7d76569f5743a0e298c5bace9d1) Importer(815301076,1909f56bfc062723c751e8b465ee728b)
Start importing Assets/Prefabs/Post-process Volume.prefab using Guid(2d52d7d76569f5743a0e298c5bace9d1) Importer(815301076,1909f56bfc062723c751e8b465ee728b)  -> (artifact id: '06a55052de9586c1a48a57d52c1c1e2b') in 0.078404 seconds
  Import took 0.082689 seconds .

========================================================================
Received Import Request.
  Time since last request: 0.000296 seconds.
  path: Assets/Prefabs/New Material.mat
  artifactKey: Guid(8ccac1d718f864843b723e2d70b86367) Importer(815301076,1909f56bfc062723c751e8b465ee728b)
Start importing Assets/Prefabs/New Material.mat using Guid(8ccac1d718f864843b723e2d70b86367) Importer(815301076,1909f56bfc062723c751e8b465ee728b)  -> (artifact id: 'e343b1ae8dd90a6d367e493734738b6c') in 0.889348 seconds
  Import took 0.897355 seconds .

========================================================================
Received Import Request.
  Time since last request: 0.000354 seconds.
  path: Assets/Prefabs/Player.prefab
  artifactKey: Guid(67f28e97a354e4444b2fea37c35a9279) Importer(815301076,1909f56bfc062723c751e8b465ee728b)
Start importing Assets/Prefabs/Player.prefab using Guid(67f28e97a354e4444b2fea37c35a9279) Importer(815301076,1909f56bfc062723c751e8b465ee728b)  -> (artifact id: '6690e3d068d5d373776626319c6b465d') in 3.613175 seconds
  Import took 3.618644 seconds .

========================================================================
Received Import Request.
  Time since last request: 0.000379 seconds.
  path: Assets/Prefabs/Decision.prefab
  artifactKey: Guid(871282db9150f1e43b431238e00a62cb) Importer(815301076,1909f56bfc062723c751e8b465ee728b)
Start importing Assets/Prefabs/Decision.prefab using Guid(871282db9150f1e43b431238e00a62cb) Importer(815301076,1909f56bfc062723c751e8b465ee728b)  -> (artifact id: '6b35613cdf85d4751618ccd4c7eee17d') in 0.067895 seconds
  Import took 0.083133 seconds .

========================================================================
Received Import Request.
  Time since last request: 0.000333 seconds.
  path: Assets/Prefabs/NPC.prefab
  artifactKey: Guid(5f4931cd86f05a84e88ec726a8f8c3bd) Importer(815301076,1909f56bfc062723c751e8b465ee728b)
Start importing Assets/Prefabs/NPC.prefab using Guid(5f4931cd86f05a84e88ec726a8f8c3bd) Importer(815301076,1909f56bfc062723c751e8b465ee728b)  -> (artifact id: '93c1a6a10bbcc2679b78646510229dcf') in 0.070639 seconds
  Import took 0.076757 seconds .

========================================================================
Received Import Request.
  Time since last request: 0.000452 seconds.
  path: Assets/Prefabs/UI.prefab
  artifactKey: Guid(583303c5a5dff22458a1bf20d9a1dc38) Importer(815301076,1909f56bfc062723c751e8b465ee728b)
Start importing Assets/Prefabs/UI.prefab using Guid(583303c5a5dff22458a1bf20d9a1dc38) Importer(815301076,1909f56bfc062723c751e8b465ee728b)  -> (artifact id: 'f8623383567e6e17204783f3bcb2bbfd') in 0.083101 seconds
  Import took 0.104899 seconds .

