Using pre-set license
Built from '2020.3/staging' branch; Version is '2020.3.9f1 (108be757e447) revision 1084391'; Using compiler version '192528614'; Build Type 'Release'
OS: 'Windows 10 Home; OS build 19041.1052; Version 2004; 64bit' Language: 'cs' Physical Memory: 16306 MB
BatchMode: 1, IsHumanControllingUs: 0, StartBugReporterOnCrash: 0, Is64bit: 1, IsPro: 0

 COMMAND LINE ARGUMENTS:
D:\Program Files\Unity\Editor\2020.3.9f1\Editor\Unity.exe
-adb2
-batchMode
-noUpm
-name
AssetImportWorker0
-projectPath
D:/Users/Martin/Files/Projects/SadColors/Project-Colors/Sad Colors
-logFile
Logs/AssetImportWorker0.log
-srvPort
65113
Successfully changed project path to: D:/Users/Martin/Files/Projects/SadColors/Project-Colors/Sad Colors
D:/Users/Martin/Files/Projects/SadColors/Project-Colors/Sad Colors
Using Asset Import Pipeline V2.
Refreshing native plugins compatible for Editor in 33.59 ms, found 0 plugins.
Preloading 0 native plugins for Editor in 0.00 ms.
Initialize engine version: 2020.3.9f1 (108be757e447)
[Subsystems] Discovering subsystems at path D:/Program Files/Unity/Editor/2020.3.9f1/Editor/Data/Resources/UnitySubsystems
[Subsystems] Discovering subsystems at path D:/Users/Martin/Files/Projects/SadColors/Project-Colors/Sad Colors/Assets
GfxDevice: creating device client; threaded=0
Direct3D:
    Version:  Direct3D 11.0 [level 11.1]
    Renderer: NVIDIA GeForce GTX 1070 Ti (ID=0x1b82)
    Vendor:   
    VRAM:     8079 MB
    Driver:   27.21.14.6677
Initialize mono
Mono path[0] = 'D:/Program Files/Unity/Editor/2020.3.9f1/Editor/Data/Managed'
Mono path[1] = 'D:/Program Files/Unity/Editor/2020.3.9f1/Editor/Data/MonoBleedingEdge/lib/mono/unityjit'
Mono config path = 'D:/Program Files/Unity/Editor/2020.3.9f1/Editor/Data/MonoBleedingEdge/etc'
Using monoOptions --debugger-agent=transport=dt_socket,embedding=1,server=y,suspend=n,address=127.0.0.1:56492
Begin MonoManager ReloadAssembly
Registering precompiled unity dll's ...
Register platform support module: D:/Program Files/Unity/Editor/2020.3.9f1/Editor/Data/PlaybackEngines/WebGLSupport/UnityEditor.WebGL.Extensions.dll
Register platform support module: D:/Program Files/Unity/Editor/2020.3.9f1/Editor/Data/PlaybackEngines/WindowsStandaloneSupport/UnityEditor.WindowsStandalone.Extensions.dll
Registered in 0.001270 seconds.
Native extension for WindowsStandalone target not found
Native extension for WebGL target not found
Refreshing native plugins compatible for Editor in 32.51 ms, found 0 plugins.
Preloading 0 native plugins for Editor in 0.00 ms.
Mono: successfully reloaded assembly
- Completed reload, in  1.710 seconds
Platform modules already initialized, skipping
Registering precompiled user dll's ...
Registered in 0.000714 seconds.
Begin MonoManager ReloadAssembly
Native extension for WindowsStandalone target not found
Native extension for WebGL target not found
Refreshing native plugins compatible for Editor in 0.38 ms, found 0 plugins.
Preloading 0 native plugins for Editor in 0.00 ms.
Mono: successfully reloaded assembly
- Completed reload, in  0.887 seconds
Platform modules already initialized, skipping
========================================================================
Worker process is ready to serve import requests
Launched and connected shader compiler UnityShaderCompiler.exe after 0.05 seconds
Refreshing native plugins compatible for Editor in 0.31 ms, found 0 plugins.
Preloading 0 native plugins for Editor in 0.00 ms.
Unloading 1788 Unused Serialized files (Serialized files now loaded: 0)
System memory in use before: 89.5 MB.
System memory in use after: 89.6 MB.

Unloading 11 unused Assets to reduce memory usage. Loaded Objects now: 2233.
Total: 1.821800 ms (FindLiveObjects: 0.156500 ms CreateObjectMapping: 0.058200 ms MarkObjects: 1.508500 ms  DeleteObjects: 0.097500 ms)

========================================================================
Received Import Request.
  path: Assets/Scenes/MenuScene.unity
  artifactKey: Guid(2d5ab5c8efd4a27438cd07064ca9e559) Importer(815301076,1909f56bfc062723c751e8b465ee728b)
Start importing Assets/Scenes/MenuScene.unity using Guid(2d5ab5c8efd4a27438cd07064ca9e559) Importer(815301076,1909f56bfc062723c751e8b465ee728b)  -> (artifact id: '2553720d1ad354def7e0a995545999da') in 0.015895 seconds
  Import took 0.018412 seconds .

========================================================================
Received Import Request.
  Time since last request: 0.000380 seconds.
  path: Assets/Scenes/Credits.unity
  artifactKey: Guid(98223ba566d0ab74cbccdc3cd4e4dcaf) Importer(815301076,1909f56bfc062723c751e8b465ee728b)
Start importing Assets/Scenes/Credits.unity using Guid(98223ba566d0ab74cbccdc3cd4e4dcaf) Importer(815301076,1909f56bfc062723c751e8b465ee728b)  -> (artifact id: 'f3ad9d027b1cc1bc5d1bd2ec8001354a') in 0.006601 seconds
  Import took 0.009333 seconds .

========================================================================
Received Import Request.
  Time since last request: 9.214364 seconds.
  path: Assets/Scenes/Menu.unity
  artifactKey: Guid(2d5ab5c8efd4a27438cd07064ca9e559) Importer(815301076,1909f56bfc062723c751e8b465ee728b)
Start importing Assets/Scenes/Menu.unity using Guid(2d5ab5c8efd4a27438cd07064ca9e559) Importer(815301076,1909f56bfc062723c751e8b465ee728b)  -> (artifact id: '42ae90f31e41f8f28eeae6b685cddca5') in 0.007259 seconds
  Import took 0.010192 seconds .

========================================================================
Received Import Request.
  Time since last request: 0.001113 seconds.
  path: Assets/Scenes/Menu.unity
  artifactKey: Guid(2d5ab5c8efd4a27438cd07064ca9e559) Importer(815301076,1909f56bfc062723c751e8b465ee728b)
Start importing Assets/Scenes/Menu.unity using Guid(2d5ab5c8efd4a27438cd07064ca9e559) Importer(815301076,1909f56bfc062723c751e8b465ee728b)  -> (artifact id: '42ae90f31e41f8f28eeae6b685cddca5') in 0.002172 seconds
  Import took 0.005042 seconds .

========================================================================
Received Import Request.
  Time since last request: 129.743634 seconds.
  path: Assets/Scenes/Credits.unity
  artifactKey: Guid(98223ba566d0ab74cbccdc3cd4e4dcaf) Importer(815301076,1909f56bfc062723c751e8b465ee728b)
Start importing Assets/Scenes/Credits.unity using Guid(98223ba566d0ab74cbccdc3cd4e4dcaf) Importer(815301076,1909f56bfc062723c751e8b465ee728b)  -> (artifact id: '12fbb3269a94e70b88f4e9f13e8b57a5') in 0.002500 seconds
  Import took 0.006303 seconds .

========================================================================
Received Import Request.
  Time since last request: 404.924897 seconds.
  path: Assets/Scenes/Credits.unity
  artifactKey: Guid(98223ba566d0ab74cbccdc3cd4e4dcaf) Importer(815301076,1909f56bfc062723c751e8b465ee728b)
Start importing Assets/Scenes/Credits.unity using Guid(98223ba566d0ab74cbccdc3cd4e4dcaf) Importer(815301076,1909f56bfc062723c751e8b465ee728b)  -> (artifact id: '0b3d2929bd5424215c4515b39aa94948') in 0.002689 seconds
  Import took 0.005856 seconds .

========================================================================
Received Import Request.
  Time since last request: 39.480635 seconds.
  path: Assets/Scenes/Credits.unity
  artifactKey: Guid(98223ba566d0ab74cbccdc3cd4e4dcaf) Importer(815301076,1909f56bfc062723c751e8b465ee728b)
Start importing Assets/Scenes/Credits.unity using Guid(98223ba566d0ab74cbccdc3cd4e4dcaf) Importer(815301076,1909f56bfc062723c751e8b465ee728b)  -> (artifact id: '1720a47261c4d71632c1c754a07d209b') in 0.002444 seconds
  Import took 0.005055 seconds .

========================================================================
Received Import Request.
  Time since last request: 205.434488 seconds.
  path: Assets/Scenes/Credits.unity
  artifactKey: Guid(98223ba566d0ab74cbccdc3cd4e4dcaf) Importer(815301076,1909f56bfc062723c751e8b465ee728b)
Start importing Assets/Scenes/Credits.unity using Guid(98223ba566d0ab74cbccdc3cd4e4dcaf) Importer(815301076,1909f56bfc062723c751e8b465ee728b)  -> (artifact id: '80a1a15c9897b828e4a5f14589d6e498') in 0.002535 seconds
  Import took 0.005499 seconds .

========================================================================
Received Prepare
Registering precompiled user dll's ...
Registered in 0.000635 seconds.
Begin MonoManager ReloadAssembly
Native extension for WindowsStandalone target not found
Native extension for WebGL target not found
Refreshing native plugins compatible for Editor in 0.30 ms, found 0 plugins.
Preloading 0 native plugins for Editor in 0.00 ms.
Mono: successfully reloaded assembly
- Completed reload, in  0.825 seconds
Platform modules already initialized, skipping
Refreshing native plugins compatible for Editor in 0.45 ms, found 0 plugins.
Preloading 0 native plugins for Editor in 0.00 ms.
Unloading 1723 Unused Serialized files (Serialized files now loaded: 0)
System memory in use before: 83.6 MB.
System memory in use after: 83.6 MB.

Unloading 6 unused Assets to reduce memory usage. Loaded Objects now: 2238.
Total: 1.857300 ms (FindLiveObjects: 0.164600 ms CreateObjectMapping: 0.056800 ms MarkObjects: 1.555600 ms  DeleteObjects: 0.079000 ms)

========================================================================
Received Prepare
Registering precompiled user dll's ...
Registered in 0.000683 seconds.
Begin MonoManager ReloadAssembly
Native extension for WindowsStandalone target not found
Native extension for WebGL target not found
Refreshing native plugins compatible for Editor in 0.32 ms, found 0 plugins.
Preloading 0 native plugins for Editor in 0.00 ms.
Mono: successfully reloaded assembly
- Completed reload, in  0.801 seconds
Platform modules already initialized, skipping
Refreshing native plugins compatible for Editor in 0.32 ms, found 0 plugins.
Preloading 0 native plugins for Editor in 0.00 ms.
Unloading 1722 Unused Serialized files (Serialized files now loaded: 0)
System memory in use before: 83.6 MB.
System memory in use after: 83.6 MB.

Unloading 6 unused Assets to reduce memory usage. Loaded Objects now: 2241.
Total: 2.207500 ms (FindLiveObjects: 0.154900 ms CreateObjectMapping: 0.052400 ms MarkObjects: 1.918700 ms  DeleteObjects: 0.080200 ms)

========================================================================
Received Import Request.
  Time since last request: 1289.247666 seconds.
  path: Assets/Scripts/Credits
  artifactKey: Guid(7d464412a0979e145ba37626182872b9) Importer(815301076,1909f56bfc062723c751e8b465ee728b)
Start importing Assets/Scripts/Credits using Guid(7d464412a0979e145ba37626182872b9) Importer(815301076,1909f56bfc062723c751e8b465ee728b)  -> (artifact id: '54716bfa0a05563d023cd0f430dda7a1') in 0.007982 seconds
  Import took 0.010653 seconds .

========================================================================
Received Import Request.
  Time since last request: 0.006171 seconds.
  path: Assets/Scripts/Credits
  artifactKey: Guid(7d464412a0979e145ba37626182872b9) Importer(815301076,1909f56bfc062723c751e8b465ee728b)
Start importing Assets/Scripts/Credits using Guid(7d464412a0979e145ba37626182872b9) Importer(815301076,1909f56bfc062723c751e8b465ee728b)  -> (artifact id: '54716bfa0a05563d023cd0f430dda7a1') in 0.002230 seconds
  Import took 0.005196 seconds .

========================================================================
Received Import Request.
  Time since last request: 2.262940 seconds.
  path: Assets/Scripts/CreditsScript.cs
  artifactKey: Guid(7af086ed5728080449477e0efe08d5e1) Importer(815301076,1909f56bfc062723c751e8b465ee728b)
Start importing Assets/Scripts/CreditsScript.cs using Guid(7af086ed5728080449477e0efe08d5e1) Importer(815301076,1909f56bfc062723c751e8b465ee728b)  -> (artifact id: '461597a8ef2e359f08caee9c00890d56') in 0.058842 seconds
  Import took 0.061389 seconds .

========================================================================
Received Prepare
Registering precompiled user dll's ...
Registered in 0.000637 seconds.
Begin MonoManager ReloadAssembly
Native extension for WindowsStandalone target not found
Native extension for WebGL target not found
Refreshing native plugins compatible for Editor in 0.32 ms, found 0 plugins.
Preloading 0 native plugins for Editor in 0.00 ms.
Mono: successfully reloaded assembly
- Completed reload, in  0.808 seconds
Platform modules already initialized, skipping
Refreshing native plugins compatible for Editor in 0.32 ms, found 0 plugins.
Preloading 0 native plugins for Editor in 0.00 ms.
Unloading 1722 Unused Serialized files (Serialized files now loaded: 0)
System memory in use before: 83.6 MB.
System memory in use after: 83.7 MB.

Unloading 6 unused Assets to reduce memory usage. Loaded Objects now: 2244.
Total: 1.939000 ms (FindLiveObjects: 0.139900 ms CreateObjectMapping: 0.048400 ms MarkObjects: 1.654300 ms  DeleteObjects: 0.095800 ms)

========================================================================
Received Prepare
Registering precompiled user dll's ...
Registered in 0.000713 seconds.
Begin MonoManager ReloadAssembly
Native extension for WindowsStandalone target not found
Native extension for WebGL target not found
Refreshing native plugins compatible for Editor in 0.35 ms, found 0 plugins.
Preloading 0 native plugins for Editor in 0.00 ms.
Mono: successfully reloaded assembly
- Completed reload, in  0.887 seconds
Platform modules already initialized, skipping
Refreshing native plugins compatible for Editor in 0.34 ms, found 0 plugins.
Preloading 0 native plugins for Editor in 0.00 ms.
Unloading 1722 Unused Serialized files (Serialized files now loaded: 0)
System memory in use before: 83.6 MB.
System memory in use after: 83.7 MB.

Unloading 6 unused Assets to reduce memory usage. Loaded Objects now: 2247.
Total: 2.147200 ms (FindLiveObjects: 0.169400 ms CreateObjectMapping: 0.058000 ms MarkObjects: 1.842800 ms  DeleteObjects: 0.076000 ms)

========================================================================
Received Prepare
Registering precompiled user dll's ...
Registered in 0.000658 seconds.
Begin MonoManager ReloadAssembly
Native extension for WindowsStandalone target not found
Native extension for WebGL target not found
Refreshing native plugins compatible for Editor in 0.32 ms, found 0 plugins.
Preloading 0 native plugins for Editor in 0.00 ms.
Mono: successfully reloaded assembly
- Completed reload, in  0.834 seconds
Platform modules already initialized, skipping
Refreshing native plugins compatible for Editor in 0.33 ms, found 0 plugins.
Preloading 0 native plugins for Editor in 0.00 ms.
Unloading 1722 Unused Serialized files (Serialized files now loaded: 0)
System memory in use before: 83.6 MB.
System memory in use after: 83.7 MB.

Unloading 6 unused Assets to reduce memory usage. Loaded Objects now: 2250.
Total: 1.798500 ms (FindLiveObjects: 0.152900 ms CreateObjectMapping: 0.054300 ms MarkObjects: 1.512500 ms  DeleteObjects: 0.077800 ms)

========================================================================
Received Prepare
Registering precompiled user dll's ...
Registered in 0.000658 seconds.
Begin MonoManager ReloadAssembly
Native extension for WindowsStandalone target not found
Native extension for WebGL target not found
Refreshing native plugins compatible for Editor in 0.33 ms, found 0 plugins.
Preloading 0 native plugins for Editor in 0.00 ms.
Mono: successfully reloaded assembly
- Completed reload, in  0.810 seconds
Platform modules already initialized, skipping
Refreshing native plugins compatible for Editor in 0.31 ms, found 0 plugins.
Preloading 0 native plugins for Editor in 0.00 ms.
Unloading 1722 Unused Serialized files (Serialized files now loaded: 0)
System memory in use before: 83.6 MB.
System memory in use after: 83.7 MB.

Unloading 6 unused Assets to reduce memory usage. Loaded Objects now: 2253.
Total: 1.755300 ms (FindLiveObjects: 0.150300 ms CreateObjectMapping: 0.050400 ms MarkObjects: 1.479400 ms  DeleteObjects: 0.074500 ms)

========================================================================
Received Prepare
Registering precompiled user dll's ...
Registered in 0.000730 seconds.
Begin MonoManager ReloadAssembly
Native extension for WindowsStandalone target not found
Native extension for WebGL target not found
Refreshing native plugins compatible for Editor in 0.33 ms, found 0 plugins.
Preloading 0 native plugins for Editor in 0.00 ms.
Mono: successfully reloaded assembly
- Completed reload, in  0.814 seconds
Platform modules already initialized, skipping
Refreshing native plugins compatible for Editor in 0.34 ms, found 0 plugins.
Preloading 0 native plugins for Editor in 0.00 ms.
Unloading 1722 Unused Serialized files (Serialized files now loaded: 0)
System memory in use before: 83.6 MB.
System memory in use after: 83.7 MB.

Unloading 6 unused Assets to reduce memory usage. Loaded Objects now: 2256.
Total: 1.907500 ms (FindLiveObjects: 0.162300 ms CreateObjectMapping: 0.057400 ms MarkObjects: 1.594100 ms  DeleteObjects: 0.092400 ms)

========================================================================
Received Prepare
Registering precompiled user dll's ...
Registered in 0.000655 seconds.
Begin MonoManager ReloadAssembly
Native extension for WindowsStandalone target not found
Native extension for WebGL target not found
Refreshing native plugins compatible for Editor in 0.32 ms, found 0 plugins.
Preloading 0 native plugins for Editor in 0.00 ms.
Mono: successfully reloaded assembly
- Completed reload, in  0.804 seconds
Platform modules already initialized, skipping
Refreshing native plugins compatible for Editor in 0.33 ms, found 0 plugins.
Preloading 0 native plugins for Editor in 0.00 ms.
Unloading 1722 Unused Serialized files (Serialized files now loaded: 0)
System memory in use before: 83.7 MB.
System memory in use after: 83.7 MB.

Unloading 6 unused Assets to reduce memory usage. Loaded Objects now: 2259.
Total: 1.917100 ms (FindLiveObjects: 0.143000 ms CreateObjectMapping: 0.050300 ms MarkObjects: 1.629900 ms  DeleteObjects: 0.092700 ms)

========================================================================
Received Prepare
Registering precompiled user dll's ...
Registered in 0.000664 seconds.
Begin MonoManager ReloadAssembly
Native extension for WindowsStandalone target not found
Native extension for WebGL target not found
Refreshing native plugins compatible for Editor in 0.32 ms, found 0 plugins.
Preloading 0 native plugins for Editor in 0.00 ms.
Mono: successfully reloaded assembly
- Completed reload, in  0.791 seconds
Platform modules already initialized, skipping
Refreshing native plugins compatible for Editor in 0.31 ms, found 0 plugins.
Preloading 0 native plugins for Editor in 0.00 ms.
Unloading 1722 Unused Serialized files (Serialized files now loaded: 0)
System memory in use before: 83.7 MB.
System memory in use after: 83.7 MB.

Unloading 6 unused Assets to reduce memory usage. Loaded Objects now: 2262.
Total: 1.764200 ms (FindLiveObjects: 0.145900 ms CreateObjectMapping: 0.049500 ms MarkObjects: 1.496000 ms  DeleteObjects: 0.072100 ms)

========================================================================
Received Prepare
Registering precompiled user dll's ...
Registered in 0.000651 seconds.
Begin MonoManager ReloadAssembly
Native extension for WindowsStandalone target not found
Native extension for WebGL target not found
Refreshing native plugins compatible for Editor in 0.34 ms, found 0 plugins.
Preloading 0 native plugins for Editor in 0.00 ms.
Mono: successfully reloaded assembly
- Completed reload, in  0.803 seconds
Platform modules already initialized, skipping
Refreshing native plugins compatible for Editor in 0.38 ms, found 0 plugins.
Preloading 0 native plugins for Editor in 0.00 ms.
Unloading 1722 Unused Serialized files (Serialized files now loaded: 0)
System memory in use before: 83.7 MB.
System memory in use after: 83.7 MB.

Unloading 6 unused Assets to reduce memory usage. Loaded Objects now: 2265.
Total: 1.851400 ms (FindLiveObjects: 0.157000 ms CreateObjectMapping: 0.056500 ms MarkObjects: 1.564500 ms  DeleteObjects: 0.072500 ms)

========================================================================
Received Prepare
Registering precompiled user dll's ...
Registered in 0.000662 seconds.
Begin MonoManager ReloadAssembly
Native extension for WindowsStandalone target not found
Native extension for WebGL target not found
Refreshing native plugins compatible for Editor in 0.31 ms, found 0 plugins.
Preloading 0 native plugins for Editor in 0.00 ms.
Mono: successfully reloaded assembly
- Completed reload, in  0.810 seconds
Platform modules already initialized, skipping
Refreshing native plugins compatible for Editor in 0.32 ms, found 0 plugins.
Preloading 0 native plugins for Editor in 0.00 ms.
Unloading 1722 Unused Serialized files (Serialized files now loaded: 0)
System memory in use before: 83.7 MB.
System memory in use after: 83.7 MB.

Unloading 6 unused Assets to reduce memory usage. Loaded Objects now: 2268.
Total: 1.710900 ms (FindLiveObjects: 0.152400 ms CreateObjectMapping: 0.054000 ms MarkObjects: 1.435500 ms  DeleteObjects: 0.067900 ms)

========================================================================
Received Import Request.
  Time since last request: 1043.484419 seconds.
  path: Assets/Scripts/Credits/CreditsColider.cs
  artifactKey: Guid(6b04f574a6381084c81a118974ad2b59) Importer(815301076,1909f56bfc062723c751e8b465ee728b)
Start importing Assets/Scripts/Credits/CreditsColider.cs using Guid(6b04f574a6381084c81a118974ad2b59) Importer(815301076,1909f56bfc062723c751e8b465ee728b)  -> (artifact id: 'b4a833bb9aef0517937d06667d991ba7') in 0.011817 seconds
  Import took 0.023634 seconds .

========================================================================
Received Import Request.
  Time since last request: 0.001885 seconds.
  path: Assets/Scripts/Credits/CreditsColider.cs
  artifactKey: Guid(6b04f574a6381084c81a118974ad2b59) Importer(815301076,1909f56bfc062723c751e8b465ee728b)
Start importing Assets/Scripts/Credits/CreditsColider.cs using Guid(6b04f574a6381084c81a118974ad2b59) Importer(815301076,1909f56bfc062723c751e8b465ee728b)  -> (artifact id: 'b4a833bb9aef0517937d06667d991ba7') in 0.005869 seconds
  Import took 0.009167 seconds .

========================================================================
Received Prepare
Registering precompiled user dll's ...
Registered in 0.000607 seconds.
Begin MonoManager ReloadAssembly
Native extension for WindowsStandalone target not found
Native extension for WebGL target not found
Refreshing native plugins compatible for Editor in 0.32 ms, found 0 plugins.
Preloading 0 native plugins for Editor in 0.00 ms.
Mono: successfully reloaded assembly
- Completed reload, in  0.836 seconds
Platform modules already initialized, skipping
Refreshing native plugins compatible for Editor in 0.35 ms, found 0 plugins.
Preloading 0 native plugins for Editor in 0.00 ms.
Unloading 1723 Unused Serialized files (Serialized files now loaded: 0)
System memory in use before: 83.7 MB.
System memory in use after: 83.7 MB.

Unloading 6 unused Assets to reduce memory usage. Loaded Objects now: 2272.
Total: 1.835600 ms (FindLiveObjects: 0.153500 ms CreateObjectMapping: 0.055700 ms MarkObjects: 1.558200 ms  DeleteObjects: 0.067400 ms)

========================================================================
Received Import Request.
  Time since last request: 5.762946 seconds.
  path: Assets/Scripts/Credits/CreditsScript.cs
  artifactKey: Guid(7af086ed5728080449477e0efe08d5e1) Importer(815301076,1909f56bfc062723c751e8b465ee728b)
Start importing Assets/Scripts/Credits/CreditsScript.cs using Guid(7af086ed5728080449477e0efe08d5e1) Importer(815301076,1909f56bfc062723c751e8b465ee728b)  -> (artifact id: '54923db86f58fc3d8edb1e504f9a4961') in 0.009336 seconds
  Import took 0.012389 seconds .

========================================================================
Received Import Request.
  Time since last request: 0.000625 seconds.
  path: Assets/Scripts/Credits/CreditsScript.cs
  artifactKey: Guid(7af086ed5728080449477e0efe08d5e1) Importer(815301076,1909f56bfc062723c751e8b465ee728b)
Start importing Assets/Scripts/Credits/CreditsScript.cs using Guid(7af086ed5728080449477e0efe08d5e1) Importer(815301076,1909f56bfc062723c751e8b465ee728b)  -> (artifact id: '54923db86f58fc3d8edb1e504f9a4961') in 0.002971 seconds
  Import took 0.006674 seconds .

========================================================================
Received Import Request.
  Time since last request: 9.428791 seconds.
  path: Assets/Scripts/Credits/CreditsCollider.cs
  artifactKey: Guid(6b04f574a6381084c81a118974ad2b59) Importer(815301076,1909f56bfc062723c751e8b465ee728b)
Start importing Assets/Scripts/Credits/CreditsCollider.cs using Guid(6b04f574a6381084c81a118974ad2b59) Importer(815301076,1909f56bfc062723c751e8b465ee728b)  -> (artifact id: '43614e325da30cc2418b20ec3c0d9637') in 0.006812 seconds
  Import took 0.011636 seconds .

========================================================================
Received Prepare
Registering precompiled user dll's ...
Registered in 0.000650 seconds.
Begin MonoManager ReloadAssembly
Native extension for WindowsStandalone target not found
Native extension for WebGL target not found
Refreshing native plugins compatible for Editor in 0.43 ms, found 0 plugins.
Preloading 0 native plugins for Editor in 0.00 ms.
Mono: successfully reloaded assembly
- Completed reload, in  0.886 seconds
Platform modules already initialized, skipping
Refreshing native plugins compatible for Editor in 0.31 ms, found 0 plugins.
Preloading 0 native plugins for Editor in 0.00 ms.
Unloading 1723 Unused Serialized files (Serialized files now loaded: 0)
System memory in use before: 83.7 MB.
System memory in use after: 83.8 MB.

Unloading 6 unused Assets to reduce memory usage. Loaded Objects now: 2275.
Total: 1.826600 ms (FindLiveObjects: 0.145500 ms CreateObjectMapping: 0.051100 ms MarkObjects: 1.557200 ms  DeleteObjects: 0.071600 ms)

========================================================================
Received Prepare
Registering precompiled user dll's ...
Registered in 0.000723 seconds.
Begin MonoManager ReloadAssembly
Native extension for WindowsStandalone target not found
Native extension for WebGL target not found
Refreshing native plugins compatible for Editor in 0.32 ms, found 0 plugins.
Preloading 0 native plugins for Editor in 0.00 ms.
Mono: successfully reloaded assembly
- Completed reload, in  0.807 seconds
Platform modules already initialized, skipping
Refreshing native plugins compatible for Editor in 0.32 ms, found 0 plugins.
Preloading 0 native plugins for Editor in 0.00 ms.
Unloading 1723 Unused Serialized files (Serialized files now loaded: 0)
System memory in use before: 83.7 MB.
System memory in use after: 83.8 MB.

Unloading 6 unused Assets to reduce memory usage. Loaded Objects now: 2278.
Total: 1.762800 ms (FindLiveObjects: 0.162100 ms CreateObjectMapping: 0.062300 ms MarkObjects: 1.470100 ms  DeleteObjects: 0.067500 ms)

========================================================================
Received Import Request.
  Time since last request: 12.975456 seconds.
  path: Assets/Scripts/Credits/CreditsCollider.cs
  artifactKey: Guid(6b04f574a6381084c81a118974ad2b59) Importer(815301076,1909f56bfc062723c751e8b465ee728b)
Start importing Assets/Scripts/Credits/CreditsCollider.cs using Guid(6b04f574a6381084c81a118974ad2b59) Importer(815301076,1909f56bfc062723c751e8b465ee728b)  -> (artifact id: '0097e02a6b3f7673dd988ce9194b1774') in 0.006446 seconds
  Import took 0.009422 seconds .

========================================================================
Received Prepare
Registering precompiled user dll's ...
Registered in 0.000673 seconds.
Begin MonoManager ReloadAssembly
Native extension for WindowsStandalone target not found
Native extension for WebGL target not found
Refreshing native plugins compatible for Editor in 0.33 ms, found 0 plugins.
Preloading 0 native plugins for Editor in 0.00 ms.
Mono: successfully reloaded assembly
- Completed reload, in  0.820 seconds
Platform modules already initialized, skipping
Refreshing native plugins compatible for Editor in 0.32 ms, found 0 plugins.
Preloading 0 native plugins for Editor in 0.00 ms.
Unloading 1723 Unused Serialized files (Serialized files now loaded: 0)
System memory in use before: 83.7 MB.
System memory in use after: 83.8 MB.

Unloading 6 unused Assets to reduce memory usage. Loaded Objects now: 2281.
Total: 1.892400 ms (FindLiveObjects: 0.158700 ms CreateObjectMapping: 0.054200 ms MarkObjects: 1.603400 ms  DeleteObjects: 0.075000 ms)

========================================================================
Received Prepare
Registering precompiled user dll's ...
Registered in 0.000708 seconds.
Begin MonoManager ReloadAssembly
Native extension for WindowsStandalone target not found
Native extension for WebGL target not found
Refreshing native plugins compatible for Editor in 0.32 ms, found 0 plugins.
Preloading 0 native plugins for Editor in 0.00 ms.
Mono: successfully reloaded assembly
- Completed reload, in  0.804 seconds
Platform modules already initialized, skipping
Refreshing native plugins compatible for Editor in 0.31 ms, found 0 plugins.
Preloading 0 native plugins for Editor in 0.00 ms.
Unloading 1723 Unused Serialized files (Serialized files now loaded: 0)
System memory in use before: 83.7 MB.
System memory in use after: 83.8 MB.

Unloading 6 unused Assets to reduce memory usage. Loaded Objects now: 2284.
Total: 1.891600 ms (FindLiveObjects: 0.153000 ms CreateObjectMapping: 0.053200 ms MarkObjects: 1.582700 ms  DeleteObjects: 0.101600 ms)

========================================================================
Received Prepare
Registering precompiled user dll's ...
Registered in 0.000638 seconds.
Begin MonoManager ReloadAssembly
Native extension for WindowsStandalone target not found
Native extension for WebGL target not found
Refreshing native plugins compatible for Editor in 0.31 ms, found 0 plugins.
Preloading 0 native plugins for Editor in 0.00 ms.
Mono: successfully reloaded assembly
- Completed reload, in  0.808 seconds
Platform modules already initialized, skipping
Refreshing native plugins compatible for Editor in 0.33 ms, found 0 plugins.
Preloading 0 native plugins for Editor in 0.00 ms.
Unloading 1723 Unused Serialized files (Serialized files now loaded: 0)
System memory in use before: 83.7 MB.
System memory in use after: 83.8 MB.

Unloading 6 unused Assets to reduce memory usage. Loaded Objects now: 2287.
Total: 1.947000 ms (FindLiveObjects: 0.166300 ms CreateObjectMapping: 0.057100 ms MarkObjects: 1.646100 ms  DeleteObjects: 0.076000 ms)

========================================================================
Received Prepare
Registering precompiled user dll's ...
Registered in 0.000666 seconds.
Begin MonoManager ReloadAssembly
Native extension for WindowsStandalone target not found
Native extension for WebGL target not found
Refreshing native plugins compatible for Editor in 0.33 ms, found 0 plugins.
Preloading 0 native plugins for Editor in 0.00 ms.
Mono: successfully reloaded assembly
- Completed reload, in  0.809 seconds
Platform modules already initialized, skipping
Refreshing native plugins compatible for Editor in 0.33 ms, found 0 plugins.
Preloading 0 native plugins for Editor in 0.00 ms.
Unloading 1723 Unused Serialized files (Serialized files now loaded: 0)
System memory in use before: 83.7 MB.
System memory in use after: 83.8 MB.

Unloading 6 unused Assets to reduce memory usage. Loaded Objects now: 2290.
Total: 2.050200 ms (FindLiveObjects: 0.162800 ms CreateObjectMapping: 0.054100 ms MarkObjects: 1.761400 ms  DeleteObjects: 0.070600 ms)

========================================================================
Received Prepare
Registering precompiled user dll's ...
Registered in 0.000643 seconds.
Begin MonoManager ReloadAssembly
Native extension for WindowsStandalone target not found
Native extension for WebGL target not found
Refreshing native plugins compatible for Editor in 0.31 ms, found 0 plugins.
Preloading 0 native plugins for Editor in 0.00 ms.
Mono: successfully reloaded assembly
- Completed reload, in  0.817 seconds
Platform modules already initialized, skipping
Refreshing native plugins compatible for Editor in 0.31 ms, found 0 plugins.
Preloading 0 native plugins for Editor in 0.00 ms.
Unloading 1723 Unused Serialized files (Serialized files now loaded: 0)
System memory in use before: 83.7 MB.
System memory in use after: 83.8 MB.

Unloading 6 unused Assets to reduce memory usage. Loaded Objects now: 2293.
Total: 1.778600 ms (FindLiveObjects: 0.155800 ms CreateObjectMapping: 0.057200 ms MarkObjects: 1.494700 ms  DeleteObjects: 0.070000 ms)

========================================================================
Received Prepare
Registering precompiled user dll's ...
Registered in 0.000635 seconds.
Begin MonoManager ReloadAssembly
Native extension for WindowsStandalone target not found
Native extension for WebGL target not found
Refreshing native plugins compatible for Editor in 0.32 ms, found 0 plugins.
Preloading 0 native plugins for Editor in 0.00 ms.
Mono: successfully reloaded assembly
- Completed reload, in  0.833 seconds
Platform modules already initialized, skipping
Refreshing native plugins compatible for Editor in 0.32 ms, found 0 plugins.
Preloading 0 native plugins for Editor in 0.00 ms.
Unloading 1723 Unused Serialized files (Serialized files now loaded: 0)
System memory in use before: 83.7 MB.
System memory in use after: 83.8 MB.

Unloading 6 unused Assets to reduce memory usage. Loaded Objects now: 2296.
Total: 2.003800 ms (FindLiveObjects: 0.199800 ms CreateObjectMapping: 0.063600 ms MarkObjects: 1.664900 ms  DeleteObjects: 0.074400 ms)

========================================================================
Received Prepare
Registering precompiled user dll's ...
Registered in 0.000660 seconds.
Begin MonoManager ReloadAssembly
Native extension for WindowsStandalone target not found
Native extension for WebGL target not found
Refreshing native plugins compatible for Editor in 0.32 ms, found 0 plugins.
Preloading 0 native plugins for Editor in 0.00 ms.
Mono: successfully reloaded assembly
- Completed reload, in  0.795 seconds
Platform modules already initialized, skipping
Refreshing native plugins compatible for Editor in 0.36 ms, found 0 plugins.
Preloading 0 native plugins for Editor in 0.00 ms.
Unloading 1723 Unused Serialized files (Serialized files now loaded: 0)
System memory in use before: 83.7 MB.
System memory in use after: 83.8 MB.

Unloading 6 unused Assets to reduce memory usage. Loaded Objects now: 2299.
Total: 1.967100 ms (FindLiveObjects: 0.172300 ms CreateObjectMapping: 0.056700 ms MarkObjects: 1.662400 ms  DeleteObjects: 0.074800 ms)

========================================================================
Received Prepare
Registering precompiled user dll's ...
Registered in 0.000685 seconds.
Begin MonoManager ReloadAssembly
Native extension for WindowsStandalone target not found
Native extension for WebGL target not found
Refreshing native plugins compatible for Editor in 0.34 ms, found 0 plugins.
Preloading 0 native plugins for Editor in 0.00 ms.
Mono: successfully reloaded assembly
- Completed reload, in  0.814 seconds
Platform modules already initialized, skipping
Refreshing native plugins compatible for Editor in 0.32 ms, found 0 plugins.
Preloading 0 native plugins for Editor in 0.00 ms.
Unloading 1723 Unused Serialized files (Serialized files now loaded: 0)
System memory in use before: 83.8 MB.
System memory in use after: 83.8 MB.

Unloading 6 unused Assets to reduce memory usage. Loaded Objects now: 2302.
Total: 1.973700 ms (FindLiveObjects: 0.168900 ms CreateObjectMapping: 0.059900 ms MarkObjects: 1.668200 ms  DeleteObjects: 0.075400 ms)

========================================================================
Received Prepare
Registering precompiled user dll's ...
Registered in 0.000625 seconds.
Begin MonoManager ReloadAssembly
Native extension for WindowsStandalone target not found
Native extension for WebGL target not found
Refreshing native plugins compatible for Editor in 0.34 ms, found 0 plugins.
Preloading 0 native plugins for Editor in 0.00 ms.
Mono: successfully reloaded assembly
- Completed reload, in  0.811 seconds
Platform modules already initialized, skipping
Refreshing native plugins compatible for Editor in 0.38 ms, found 0 plugins.
Preloading 0 native plugins for Editor in 0.00 ms.
Unloading 1723 Unused Serialized files (Serialized files now loaded: 0)
System memory in use before: 83.7 MB.
System memory in use after: 83.8 MB.

Unloading 6 unused Assets to reduce memory usage. Loaded Objects now: 2305.
Total: 1.860800 ms (FindLiveObjects: 0.157700 ms CreateObjectMapping: 0.053400 ms MarkObjects: 1.576600 ms  DeleteObjects: 0.071700 ms)

========================================================================
Received Prepare
Registering precompiled user dll's ...
Registered in 0.000674 seconds.
Begin MonoManager ReloadAssembly
Native extension for WindowsStandalone target not found
Native extension for WebGL target not found
Refreshing native plugins compatible for Editor in 0.32 ms, found 0 plugins.
Preloading 0 native plugins for Editor in 0.00 ms.
Mono: successfully reloaded assembly
- Completed reload, in  0.905 seconds
Platform modules already initialized, skipping
Refreshing native plugins compatible for Editor in 0.32 ms, found 0 plugins.
Preloading 0 native plugins for Editor in 0.00 ms.
Unloading 1723 Unused Serialized files (Serialized files now loaded: 0)
System memory in use before: 83.8 MB.
System memory in use after: 83.8 MB.

Unloading 6 unused Assets to reduce memory usage. Loaded Objects now: 2308.
Total: 2.036400 ms (FindLiveObjects: 0.256000 ms CreateObjectMapping: 0.124700 ms MarkObjects: 1.571100 ms  DeleteObjects: 0.083500 ms)

========================================================================
Received Prepare
Registering precompiled user dll's ...
Registered in 0.000650 seconds.
Begin MonoManager ReloadAssembly
Native extension for WindowsStandalone target not found
Native extension for WebGL target not found
Refreshing native plugins compatible for Editor in 0.32 ms, found 0 plugins.
Preloading 0 native plugins for Editor in 0.00 ms.
Mono: successfully reloaded assembly
- Completed reload, in  0.799 seconds
Platform modules already initialized, skipping
Refreshing native plugins compatible for Editor in 0.31 ms, found 0 plugins.
Preloading 0 native plugins for Editor in 0.00 ms.
Unloading 1723 Unused Serialized files (Serialized files now loaded: 0)
System memory in use before: 83.8 MB.
System memory in use after: 83.8 MB.

Unloading 6 unused Assets to reduce memory usage. Loaded Objects now: 2311.
Total: 1.947200 ms (FindLiveObjects: 0.163800 ms CreateObjectMapping: 0.054800 ms MarkObjects: 1.654500 ms  DeleteObjects: 0.073000 ms)

========================================================================
Received Prepare
Registering precompiled user dll's ...
Registered in 0.000697 seconds.
Begin MonoManager ReloadAssembly
Native extension for WindowsStandalone target not found
Native extension for WebGL target not found
Refreshing native plugins compatible for Editor in 0.33 ms, found 0 plugins.
Preloading 0 native plugins for Editor in 0.00 ms.
Mono: successfully reloaded assembly
- Completed reload, in  0.942 seconds
Platform modules already initialized, skipping
Refreshing native plugins compatible for Editor in 0.39 ms, found 0 plugins.
Preloading 0 native plugins for Editor in 0.00 ms.
Unloading 1723 Unused Serialized files (Serialized files now loaded: 0)
System memory in use before: 83.8 MB.
System memory in use after: 83.8 MB.

Unloading 6 unused Assets to reduce memory usage. Loaded Objects now: 2314.
Total: 2.182300 ms (FindLiveObjects: 0.183100 ms CreateObjectMapping: 0.059500 ms MarkObjects: 1.863800 ms  DeleteObjects: 0.074600 ms)

========================================================================
Received Prepare
Registering precompiled user dll's ...
Registered in 0.000647 seconds.
Begin MonoManager ReloadAssembly
Native extension for WindowsStandalone target not found
Native extension for WebGL target not found
Refreshing native plugins compatible for Editor in 0.33 ms, found 0 plugins.
Preloading 0 native plugins for Editor in 0.00 ms.
Mono: successfully reloaded assembly
- Completed reload, in  0.809 seconds
Platform modules already initialized, skipping
Refreshing native plugins compatible for Editor in 0.35 ms, found 0 plugins.
Preloading 0 native plugins for Editor in 0.00 ms.
Unloading 1723 Unused Serialized files (Serialized files now loaded: 0)
System memory in use before: 83.8 MB.
System memory in use after: 83.8 MB.

Unloading 6 unused Assets to reduce memory usage. Loaded Objects now: 2317.
Total: 2.143900 ms (FindLiveObjects: 0.187400 ms CreateObjectMapping: 0.065000 ms MarkObjects: 1.819200 ms  DeleteObjects: 0.071300 ms)

========================================================================
Received Import Request.
  Time since last request: 2089.964945 seconds.
  path: Assets/Scenes/Credits.unity
  artifactKey: Guid(98223ba566d0ab74cbccdc3cd4e4dcaf) Importer(815301076,1909f56bfc062723c751e8b465ee728b)
Start importing Assets/Scenes/Credits.unity using Guid(98223ba566d0ab74cbccdc3cd4e4dcaf) Importer(815301076,1909f56bfc062723c751e8b465ee728b)  -> (artifact id: '2bfb515af9de55f4d5a7efaf9eabe457') in 0.473741 seconds
  Import took 0.499155 seconds .

========================================================================
Received Import Request.
  Time since last request: 1.660260 seconds.
  path: Assets/Scenes/Menu.unity
  artifactKey: Guid(2d5ab5c8efd4a27438cd07064ca9e559) Importer(815301076,1909f56bfc062723c751e8b465ee728b)
Start importing Assets/Scenes/Menu.unity using Guid(2d5ab5c8efd4a27438cd07064ca9e559) Importer(815301076,1909f56bfc062723c751e8b465ee728b)  -> (artifact id: '930ac1e39a0f4725aac4b89012afcb70') in 0.006978 seconds
  Import took 0.009721 seconds .

========================================================================
Received Prepare
Registering precompiled user dll's ...
Registered in 0.000652 seconds.
Begin MonoManager ReloadAssembly
Native extension for WindowsStandalone target not found
Native extension for WebGL target not found
Refreshing native plugins compatible for Editor in 0.31 ms, found 0 plugins.
Preloading 0 native plugins for Editor in 0.00 ms.
Mono: successfully reloaded assembly
- Completed reload, in  0.822 seconds
Platform modules already initialized, skipping
Refreshing native plugins compatible for Editor in 0.31 ms, found 0 plugins.
Preloading 0 native plugins for Editor in 0.00 ms.
Unloading 1723 Unused Serialized files (Serialized files now loaded: 0)
System memory in use before: 83.8 MB.
System memory in use after: 83.8 MB.

Unloading 6 unused Assets to reduce memory usage. Loaded Objects now: 2320.
Total: 2.008100 ms (FindLiveObjects: 0.164900 ms CreateObjectMapping: 0.056300 ms MarkObjects: 1.719000 ms  DeleteObjects: 0.066900 ms)

========================================================================
Received Prepare
Registering precompiled user dll's ...
Registered in 0.000662 seconds.
Begin MonoManager ReloadAssembly
Native extension for WindowsStandalone target not found
Native extension for WebGL target not found
Refreshing native plugins compatible for Editor in 0.34 ms, found 0 plugins.
Preloading 0 native plugins for Editor in 0.00 ms.
Mono: successfully reloaded assembly
- Completed reload, in  0.827 seconds
Platform modules already initialized, skipping
Refreshing native plugins compatible for Editor in 0.31 ms, found 0 plugins.
Preloading 0 native plugins for Editor in 0.00 ms.
Unloading 1723 Unused Serialized files (Serialized files now loaded: 0)
System memory in use before: 83.8 MB.
System memory in use after: 83.9 MB.

Unloading 6 unused Assets to reduce memory usage. Loaded Objects now: 2323.
Total: 1.924100 ms (FindLiveObjects: 0.153500 ms CreateObjectMapping: 0.053700 ms MarkObjects: 1.650500 ms  DeleteObjects: 0.065300 ms)

========================================================================
Received Prepare
Registering precompiled user dll's ...
Registered in 0.000712 seconds.
Begin MonoManager ReloadAssembly
Native extension for WindowsStandalone target not found
Native extension for WebGL target not found
Refreshing native plugins compatible for Editor in 0.32 ms, found 0 plugins.
Preloading 0 native plugins for Editor in 0.00 ms.
Mono: successfully reloaded assembly
- Completed reload, in  0.816 seconds
Platform modules already initialized, skipping
Refreshing native plugins compatible for Editor in 0.35 ms, found 0 plugins.
Preloading 0 native plugins for Editor in 0.00 ms.
Unloading 1723 Unused Serialized files (Serialized files now loaded: 0)
System memory in use before: 83.8 MB.
System memory in use after: 83.9 MB.

Unloading 6 unused Assets to reduce memory usage. Loaded Objects now: 2326.
Total: 1.966100 ms (FindLiveObjects: 0.159800 ms CreateObjectMapping: 0.054100 ms MarkObjects: 1.679000 ms  DeleteObjects: 0.072400 ms)

========================================================================
Received Prepare
Registering precompiled user dll's ...
Registered in 0.000767 seconds.
Begin MonoManager ReloadAssembly
Native extension for WindowsStandalone target not found
Native extension for WebGL target not found
Refreshing native plugins compatible for Editor in 0.31 ms, found 0 plugins.
Preloading 0 native plugins for Editor in 0.00 ms.
Mono: successfully reloaded assembly
- Completed reload, in  0.814 seconds
Platform modules already initialized, skipping
Refreshing native plugins compatible for Editor in 0.31 ms, found 0 plugins.
Preloading 0 native plugins for Editor in 0.00 ms.
Unloading 1723 Unused Serialized files (Serialized files now loaded: 0)
System memory in use before: 83.8 MB.
System memory in use after: 83.9 MB.

Unloading 6 unused Assets to reduce memory usage. Loaded Objects now: 2329.
Total: 2.151500 ms (FindLiveObjects: 0.145900 ms CreateObjectMapping: 0.048400 ms MarkObjects: 1.876600 ms  DeleteObjects: 0.079600 ms)

========================================================================
Received Prepare
Registering precompiled user dll's ...
Registered in 0.001061 seconds.
Begin MonoManager ReloadAssembly
Native extension for WindowsStandalone target not found
Native extension for WebGL target not found
Refreshing native plugins compatible for Editor in 0.38 ms, found 0 plugins.
Preloading 0 native plugins for Editor in 0.00 ms.
Mono: successfully reloaded assembly
- Completed reload, in  0.969 seconds
Platform modules already initialized, skipping
Refreshing native plugins compatible for Editor in 0.58 ms, found 0 plugins.
Preloading 0 native plugins for Editor in 0.00 ms.
Unloading 1723 Unused Serialized files (Serialized files now loaded: 0)
System memory in use before: 83.8 MB.
System memory in use after: 83.9 MB.

Unloading 6 unused Assets to reduce memory usage. Loaded Objects now: 2332.
Total: 2.206000 ms (FindLiveObjects: 0.232100 ms CreateObjectMapping: 0.085600 ms MarkObjects: 1.807000 ms  DeleteObjects: 0.079700 ms)

========================================================================
Received Prepare
Registering precompiled user dll's ...
Registered in 0.000670 seconds.
Begin MonoManager ReloadAssembly
Native extension for WindowsStandalone target not found
Native extension for WebGL target not found
Refreshing native plugins compatible for Editor in 0.40 ms, found 0 plugins.
Preloading 0 native plugins for Editor in 0.00 ms.
Mono: successfully reloaded assembly
- Completed reload, in  0.862 seconds
Platform modules already initialized, skipping
Refreshing native plugins compatible for Editor in 0.33 ms, found 0 plugins.
Preloading 0 native plugins for Editor in 0.00 ms.
Unloading 1723 Unused Serialized files (Serialized files now loaded: 0)
System memory in use before: 83.8 MB.
System memory in use after: 83.9 MB.

Unloading 6 unused Assets to reduce memory usage. Loaded Objects now: 2335.
Total: 2.232900 ms (FindLiveObjects: 0.170000 ms CreateObjectMapping: 0.058400 ms MarkObjects: 1.927200 ms  DeleteObjects: 0.075700 ms)

========================================================================
Received Prepare
Registering precompiled user dll's ...
Registered in 0.000653 seconds.
Begin MonoManager ReloadAssembly
Native extension for WindowsStandalone target not found
Native extension for WebGL target not found
Refreshing native plugins compatible for Editor in 0.33 ms, found 0 plugins.
Preloading 0 native plugins for Editor in 0.00 ms.
Mono: successfully reloaded assembly
- Completed reload, in  0.832 seconds
Platform modules already initialized, skipping
Refreshing native plugins compatible for Editor in 0.32 ms, found 0 plugins.
Preloading 0 native plugins for Editor in 0.00 ms.
Unloading 1723 Unused Serialized files (Serialized files now loaded: 0)
System memory in use before: 83.8 MB.
System memory in use after: 83.9 MB.

Unloading 6 unused Assets to reduce memory usage. Loaded Objects now: 2338.
Total: 1.909200 ms (FindLiveObjects: 0.141800 ms CreateObjectMapping: 0.048000 ms MarkObjects: 1.646700 ms  DeleteObjects: 0.072000 ms)

========================================================================
Received Prepare
Registering precompiled user dll's ...
Registered in 0.000641 seconds.
Begin MonoManager ReloadAssembly
Native extension for WindowsStandalone target not found
Native extension for WebGL target not found
Refreshing native plugins compatible for Editor in 0.33 ms, found 0 plugins.
Preloading 0 native plugins for Editor in 0.00 ms.
Mono: successfully reloaded assembly
- Completed reload, in  0.792 seconds
Platform modules already initialized, skipping
Refreshing native plugins compatible for Editor in 0.40 ms, found 0 plugins.
Preloading 0 native plugins for Editor in 0.00 ms.
Unloading 1723 Unused Serialized files (Serialized files now loaded: 0)
System memory in use before: 83.8 MB.
System memory in use after: 83.9 MB.

Unloading 6 unused Assets to reduce memory usage. Loaded Objects now: 2341.
Total: 2.200200 ms (FindLiveObjects: 0.230500 ms CreateObjectMapping: 0.076900 ms MarkObjects: 1.806300 ms  DeleteObjects: 0.085300 ms)

========================================================================
Received Prepare
Registering precompiled user dll's ...
Registered in 0.000653 seconds.
Begin MonoManager ReloadAssembly
Native extension for WindowsStandalone target not found
Native extension for WebGL target not found
Refreshing native plugins compatible for Editor in 0.35 ms, found 0 plugins.
Preloading 0 native plugins for Editor in 0.00 ms.
Mono: successfully reloaded assembly
- Completed reload, in  0.818 seconds
Platform modules already initialized, skipping
Refreshing native plugins compatible for Editor in 0.33 ms, found 0 plugins.
Preloading 0 native plugins for Editor in 0.00 ms.
Unloading 1723 Unused Serialized files (Serialized files now loaded: 0)
System memory in use before: 83.8 MB.
System memory in use after: 83.9 MB.

Unloading 6 unused Assets to reduce memory usage. Loaded Objects now: 2344.
Total: 1.907100 ms (FindLiveObjects: 0.160800 ms CreateObjectMapping: 0.053100 ms MarkObjects: 1.624500 ms  DeleteObjects: 0.067600 ms)

========================================================================
Received Prepare
Registering precompiled user dll's ...
Registered in 0.001113 seconds.
Begin MonoManager ReloadAssembly
Native extension for WindowsStandalone target not found
Native extension for WebGL target not found
Refreshing native plugins compatible for Editor in 0.32 ms, found 0 plugins.
Preloading 0 native plugins for Editor in 0.00 ms.
Mono: successfully reloaded assembly
- Completed reload, in  0.994 seconds
Platform modules already initialized, skipping
Refreshing native plugins compatible for Editor in 0.37 ms, found 0 plugins.
Preloading 0 native plugins for Editor in 0.00 ms.
Unloading 1723 Unused Serialized files (Serialized files now loaded: 0)
System memory in use before: 83.8 MB.
System memory in use after: 83.9 MB.

Unloading 6 unused Assets to reduce memory usage. Loaded Objects now: 2347.
Total: 2.789800 ms (FindLiveObjects: 0.220200 ms CreateObjectMapping: 0.086200 ms MarkObjects: 2.404200 ms  DeleteObjects: 0.077700 ms)

========================================================================
Received Prepare
Registering precompiled user dll's ...
Registered in 0.000659 seconds.
Begin MonoManager ReloadAssembly
Native extension for WindowsStandalone target not found
Native extension for WebGL target not found
Refreshing native plugins compatible for Editor in 0.32 ms, found 0 plugins.
Preloading 0 native plugins for Editor in 0.00 ms.
Mono: successfully reloaded assembly
- Completed reload, in  0.816 seconds
Platform modules already initialized, skipping
Refreshing native plugins compatible for Editor in 0.31 ms, found 0 plugins.
Preloading 0 native plugins for Editor in 0.00 ms.
Unloading 1723 Unused Serialized files (Serialized files now loaded: 0)
System memory in use before: 83.8 MB.
System memory in use after: 83.9 MB.

Unloading 6 unused Assets to reduce memory usage. Loaded Objects now: 2350.
Total: 1.923100 ms (FindLiveObjects: 0.154900 ms CreateObjectMapping: 0.051400 ms MarkObjects: 1.644900 ms  DeleteObjects: 0.071100 ms)

========================================================================
Received Prepare
Registering precompiled user dll's ...
Registered in 0.000651 seconds.
Begin MonoManager ReloadAssembly
Native extension for WindowsStandalone target not found
Native extension for WebGL target not found
Refreshing native plugins compatible for Editor in 0.31 ms, found 0 plugins.
Preloading 0 native plugins for Editor in 0.00 ms.
Mono: successfully reloaded assembly
- Completed reload, in  0.816 seconds
Platform modules already initialized, skipping
Refreshing native plugins compatible for Editor in 0.32 ms, found 0 plugins.
Preloading 0 native plugins for Editor in 0.00 ms.
Unloading 1723 Unused Serialized files (Serialized files now loaded: 0)
System memory in use before: 83.8 MB.
System memory in use after: 83.9 MB.

Unloading 6 unused Assets to reduce memory usage. Loaded Objects now: 2353.
Total: 2.033500 ms (FindLiveObjects: 0.164100 ms CreateObjectMapping: 0.056400 ms MarkObjects: 1.734100 ms  DeleteObjects: 0.078100 ms)

========================================================================
Received Prepare
Registering precompiled user dll's ...
Registered in 0.000779 seconds.
Begin MonoManager ReloadAssembly
Native extension for WindowsStandalone target not found
Native extension for WebGL target not found
Refreshing native plugins compatible for Editor in 0.41 ms, found 0 plugins.
Preloading 0 native plugins for Editor in 0.00 ms.
Mono: successfully reloaded assembly
- Completed reload, in  1.044 seconds
Platform modules already initialized, skipping
Refreshing native plugins compatible for Editor in 0.42 ms, found 0 plugins.
Preloading 0 native plugins for Editor in 0.00 ms.
Unloading 1723 Unused Serialized files (Serialized files now loaded: 0)
System memory in use before: 83.8 MB.
System memory in use after: 83.9 MB.

Unloading 6 unused Assets to reduce memory usage. Loaded Objects now: 2356.
Total: 2.229700 ms (FindLiveObjects: 0.171600 ms CreateObjectMapping: 0.062100 ms MarkObjects: 1.895400 ms  DeleteObjects: 0.099200 ms)

========================================================================
Received Import Request.
  Time since last request: 5307.033454 seconds.
  path: Assets/Scenes/idk.unity
  artifactKey: Guid(6cf25160e8a009e499df5bda0e2ff225) Importer(815301076,1909f56bfc062723c751e8b465ee728b)
Start importing Assets/Scenes/idk.unity using Guid(6cf25160e8a009e499df5bda0e2ff225) Importer(815301076,1909f56bfc062723c751e8b465ee728b)  -> (artifact id: '543a5e3807a2940f45efc83d3158bae1') in 0.110399 seconds
  Import took 0.113798 seconds .

========================================================================
Received Import Request.
  Time since last request: 0.003166 seconds.
  path: Assets/Scenes/idk.unity
  artifactKey: Guid(6cf25160e8a009e499df5bda0e2ff225) Importer(815301076,1909f56bfc062723c751e8b465ee728b)
Start importing Assets/Scenes/idk.unity using Guid(6cf25160e8a009e499df5bda0e2ff225) Importer(815301076,1909f56bfc062723c751e8b465ee728b)  -> (artifact id: '543a5e3807a2940f45efc83d3158bae1') in 0.002792 seconds
  Import took 0.005768 seconds .

========================================================================
Received Import Request.
  Time since last request: 5.394382 seconds.
  path: Assets/Scenes/Menu.unity
  artifactKey: Guid(2d5ab5c8efd4a27438cd07064ca9e559) Importer(815301076,1909f56bfc062723c751e8b465ee728b)
Start importing Assets/Scenes/Menu.unity using Guid(2d5ab5c8efd4a27438cd07064ca9e559) Importer(815301076,1909f56bfc062723c751e8b465ee728b)  -> (artifact id: 'e0f001305be7e7123dfa6180ae00e4a5') in 0.003190 seconds
  Import took 0.028342 seconds .

========================================================================
Received Prepare
Registering precompiled user dll's ...
Registered in 0.000637 seconds.
Begin MonoManager ReloadAssembly
Native extension for WindowsStandalone target not found
Native extension for WebGL target not found
Refreshing native plugins compatible for Editor in 0.43 ms, found 0 plugins.
Preloading 0 native plugins for Editor in 0.00 ms.
Mono: successfully reloaded assembly
- Completed reload, in  0.956 seconds
Platform modules already initialized, skipping
Refreshing native plugins compatible for Editor in 0.35 ms, found 0 plugins.
Preloading 0 native plugins for Editor in 0.00 ms.
Unloading 1723 Unused Serialized files (Serialized files now loaded: 0)
System memory in use before: 83.9 MB.
System memory in use after: 83.9 MB.

Unloading 6 unused Assets to reduce memory usage. Loaded Objects now: 2359.
Total: 2.461600 ms (FindLiveObjects: 0.191800 ms CreateObjectMapping: 0.062600 ms MarkObjects: 2.120600 ms  DeleteObjects: 0.085200 ms)

========================================================================
Received Prepare
Registering precompiled user dll's ...
Registered in 0.000672 seconds.
Begin MonoManager ReloadAssembly
Native extension for WindowsStandalone target not found
Native extension for WebGL target not found
Refreshing native plugins compatible for Editor in 0.32 ms, found 0 plugins.
Preloading 0 native plugins for Editor in 0.00 ms.
Mono: successfully reloaded assembly
- Completed reload, in  0.797 seconds
Platform modules already initialized, skipping
Refreshing native plugins compatible for Editor in 0.31 ms, found 0 plugins.
Preloading 0 native plugins for Editor in 0.00 ms.
Unloading 1723 Unused Serialized files (Serialized files now loaded: 0)
System memory in use before: 83.9 MB.
System memory in use after: 83.9 MB.

Unloading 6 unused Assets to reduce memory usage. Loaded Objects now: 2362.
Total: 1.923000 ms (FindLiveObjects: 0.158500 ms CreateObjectMapping: 0.052500 ms MarkObjects: 1.639100 ms  DeleteObjects: 0.072000 ms)

========================================================================
Received Prepare
Registering precompiled user dll's ...
Registered in 0.000659 seconds.
Begin MonoManager ReloadAssembly
Native extension for WindowsStandalone target not found
Native extension for WebGL target not found
Refreshing native plugins compatible for Editor in 0.31 ms, found 0 plugins.
Preloading 0 native plugins for Editor in 0.00 ms.
Mono: successfully reloaded assembly
- Completed reload, in  0.805 seconds
Platform modules already initialized, skipping
Refreshing native plugins compatible for Editor in 0.31 ms, found 0 plugins.
Preloading 0 native plugins for Editor in 0.00 ms.
Unloading 1723 Unused Serialized files (Serialized files now loaded: 0)
System memory in use before: 83.9 MB.
System memory in use after: 84.0 MB.

Unloading 6 unused Assets to reduce memory usage. Loaded Objects now: 2365.
Total: 1.999800 ms (FindLiveObjects: 0.155000 ms CreateObjectMapping: 0.049900 ms MarkObjects: 1.716000 ms  DeleteObjects: 0.077600 ms)

========================================================================
Received Prepare
Registering precompiled user dll's ...
Registered in 0.000773 seconds.
Begin MonoManager ReloadAssembly
Native extension for WindowsStandalone target not found
Native extension for WebGL target not found
Refreshing native plugins compatible for Editor in 0.34 ms, found 0 plugins.
Preloading 0 native plugins for Editor in 0.00 ms.
Mono: successfully reloaded assembly
- Completed reload, in  1.286 seconds
Platform modules already initialized, skipping
Refreshing native plugins compatible for Editor in 0.33 ms, found 0 plugins.
Preloading 0 native plugins for Editor in 0.00 ms.
Unloading 1723 Unused Serialized files (Serialized files now loaded: 0)
System memory in use before: 83.9 MB.
System memory in use after: 84.0 MB.

Unloading 6 unused Assets to reduce memory usage. Loaded Objects now: 2368.
Total: 2.364300 ms (FindLiveObjects: 0.194000 ms CreateObjectMapping: 0.070000 ms MarkObjects: 1.985700 ms  DeleteObjects: 0.112900 ms)

AssetImportWorkerClient::OnTransportError - code=2 error=End of file
